05/30/2022 03:14:51 PM startup success
05/30/2022 03:14:51 PM GUI init Successful
05/30/2022 03:14:59 PM Image Array Length = 100
05/30/2022 03:14:59 PM Dicom Array Length = 100
05/30/2022 03:15:11 PM GUI exec Successful
05/30/2022 03:15:11 PM END SESSION 


05/30/2022 03:27:39 PM startup success
05/30/2022 03:27:39 PM GUI init Successful
05/30/2022 03:27:45 PM Image Array Length = 100
05/30/2022 03:27:45 PM Dicom Array Length = 100
05/30/2022 03:27:50 PM GUI exec Successful
05/30/2022 03:27:50 PM END SESSION 


05/30/2022 03:29:44 PM startup success
05/30/2022 03:29:44 PM GUI init Successful
05/30/2022 03:29:51 PM Image Array Length = 100
05/30/2022 03:29:51 PM Dicom Array Length = 100
05/30/2022 03:29:55 PM GUI exec Successful
05/30/2022 03:29:55 PM END SESSION 


05/30/2022 03:34:29 PM startup success
05/30/2022 03:35:47 PM startup success
05/30/2022 03:36:26 PM startup success
05/30/2022 03:36:26 PM GUI init Successful
05/30/2022 03:36:32 PM Image Array Length = 100
05/30/2022 03:36:32 PM Dicom Array Length = 100
05/30/2022 03:37:07 PM GUI exec Successful
05/30/2022 03:37:07 PM END SESSION 


05/30/2022 03:40:24 PM startup success
05/30/2022 03:40:24 PM GUI init Successful
05/30/2022 03:40:56 PM startup success
05/30/2022 03:40:56 PM GUI init Successful
05/30/2022 03:41:00 PM No Dicom Files Found in Folder. Maintaining Current View State
05/30/2022 03:41:04 PM Image Array Length = 100
05/30/2022 03:41:04 PM Dicom Array Length = 100
05/30/2022 03:41:35 PM GUI exec Successful
05/30/2022 03:41:35 PM END SESSION 


05/30/2022 03:42:04 PM startup success
05/30/2022 03:42:04 PM GUI init Successful
05/30/2022 03:42:10 PM Image Array Length = 100
05/30/2022 03:42:10 PM Dicom Array Length = 100
05/30/2022 03:42:14 PM GUI exec Successful
05/30/2022 03:42:14 PM END SESSION 


05/30/2022 03:42:23 PM startup success
05/30/2022 03:42:23 PM GUI init Successful
05/30/2022 03:42:31 PM Image Array Length = 100
05/30/2022 03:42:31 PM Dicom Array Length = 100
05/30/2022 03:42:36 PM GUI exec Successful
05/30/2022 03:42:36 PM END SESSION 


05/30/2022 03:44:41 PM startup success
05/30/2022 03:44:41 PM GUI init Successful
05/30/2022 03:44:47 PM Image Array Length = 100
05/30/2022 03:44:47 PM Dicom Array Length = 100
05/30/2022 03:44:51 PM GUI exec Successful
05/30/2022 03:44:51 PM END SESSION 


05/30/2022 03:50:12 PM startup success
05/30/2022 03:50:12 PM GUI init Successful
05/30/2022 03:50:21 PM Image Array Length = 100
05/30/2022 03:50:21 PM Dicom Array Length = 100
05/30/2022 03:50:25 PM Image Array Length = 100
05/30/2022 03:50:25 PM Dicom Array Length = 100
05/30/2022 03:50:30 PM GUI exec Successful
05/30/2022 03:50:30 PM END SESSION 


05/30/2022 03:53:22 PM startup success
05/30/2022 03:53:22 PM GUI init Successful
05/30/2022 03:53:37 PM GUI exec Successful
05/30/2022 03:53:37 PM END SESSION 


05/30/2022 03:56:27 PM startup success
05/30/2022 03:56:27 PM GUI init Successful
05/30/2022 03:56:36 PM Image Array Length = 186
05/30/2022 03:56:36 PM Dicom Array Length = 186
05/30/2022 03:56:49 PM Image Array Length = 105
05/30/2022 03:56:49 PM Dicom Array Length = 105
05/30/2022 03:57:48 PM GUI exec Successful
05/30/2022 03:57:48 PM END SESSION 


05/30/2022 03:58:30 PM startup success
05/30/2022 03:58:30 PM GUI init Successful
05/30/2022 03:58:37 PM Image Array Length = 100
05/30/2022 03:58:37 PM Dicom Array Length = 100
05/30/2022 03:58:46 PM Image Array Length = 105
05/30/2022 03:58:46 PM Dicom Array Length = 105
05/30/2022 03:58:53 PM Image Array Length = 186
05/30/2022 03:58:53 PM Dicom Array Length = 186
05/30/2022 03:59:00 PM GUI exec Successful
05/30/2022 03:59:00 PM END SESSION 


